<?xml version="1.0" encoding="UTF-8"?>
<testng-results ignored="0" total="1" passed="1" failed="0" skipped="0">
  <reporter-output>
  </reporter-output>
  <suite started-at="2025-05-12T17:54:54 IST" name="Default suite" finished-at="2025-05-12T17:55:17 IST" duration-ms="22936">
    <groups>
      <group name="cucumber">
        <method signature="AbstractTestNGCucumberTests.runScenario(io.cucumber.testng.PickleWrapper,io.cucumber.testng.FeatureWrapper)[pri:0, instance:runner.TestRunner@399c4be1]" name="runScenario" class="io.cucumber.testng.AbstractTestNGCucumberTests"/>
      </group> <!-- cucumber -->
    </groups>
    <test started-at="2025-05-12T17:54:54 IST" name="Default test" finished-at="2025-05-12T17:55:17 IST" duration-ms="22936">
      <class name="runner.TestRunner">
        <test-method is-config="true" signature="setUpClass()[pri:0, instance:runner.TestRunner@399c4be1]" started-at="2025-05-12T17:54:54 IST" name="setUpClass" finished-at="2025-05-12T17:54:54 IST" duration-ms="319" status="PASS">
          <reporter-output>
          </reporter-output>
        </test-method> <!-- setUpClass -->
        <test-method signature="runScenario(io.cucumber.testng.PickleWrapper,io.cucumber.testng.FeatureWrapper)[pri:0, instance:runner.TestRunner@399c4be1]" started-at="2025-05-12T17:54:54 IST" name="runScenario" description="Runs Cucumber Scenarios" data-provider="scenarios" finished-at="2025-05-12T17:55:13 IST" duration-ms="18569" status="PASS">
          <params>
            <param index="0">
              <value>
                <![CDATA["Move to Company create screen"]]>
              </value>
            </param>
            <param index="1">
              <value>
                <![CDATA["Optional[AMS Login]"]]>
              </value>
            </param>
          </params>
          <reporter-output>
          </reporter-output>
        </test-method> <!-- runScenario -->
        <test-method is-config="true" signature="tearDownClass()[pri:0, instance:runner.TestRunner@399c4be1]" started-at="2025-05-12T17:55:13 IST" name="tearDownClass" finished-at="2025-05-12T17:55:17 IST" duration-ms="4020" status="PASS">
          <reporter-output>
          </reporter-output>
        </test-method> <!-- tearDownClass -->
      </class> <!-- runner.TestRunner -->
    </test> <!-- Default test -->
  </suite> <!-- Default suite -->
</testng-results>
